<?xml version="1.0" encoding="UTF-8"?>
<testsuite name="ATB6x_RestAssuredLearning"
           tests="4"
           failures="0"
           errors="0"
           skipped="0"
           time="0.074">
    <properties></properties>



            <testcase
                name="putRequest"
                time="0.003"
                classname="com.thetestingacademy.ex_25062024.Lab282">
            </testcase>
            <testcase
                name="DeleteRequest"
                time="0.003"
                classname="com.thetestingacademy.ex_25062024.Lab282">
            </testcase>
            <testcase
                name="getBookingId"
                time="0.066"
                classname="com.thetestingacademy.ex_25062024.Lab282">
            </testcase>
            <testcase
                name="getToken"
                time="0.002"
                classname="com.thetestingacademy.ex_25062024.Lab282">
            </testcase>
</testsuite>
