<?xml version="1.0" encoding="UTF-8"?>
<testsuite name="ATB6x_RestAssuredLearning"
           tests="3"
           failures="0"
           errors="0"
           skipped="0"
           time="0.068">
    <properties></properties>



            <testcase
                name="getToken"
                time="0.064"
                classname="com.thetestingacademy.ex_25062024.Lab283">
            </testcase>
            <testcase
                name="putRequest"
                time="0.002"
                classname="com.thetestingacademy.ex_25062024.Lab283">
            </testcase>
            <testcase
                name="getBookingId"
                time="0.002"
                classname="com.thetestingacademy.ex_25062024.Lab283">
            </testcase>
</testsuite>
